C51 COMPILER V9.60.7.0   MAIN                                                              07/03/2024 11:29:28 PAGE 1   


C51 COMPILER V9.60.7.0, COMPILATION OF MODULE MAIN
OBJECT MODULE PLACED IN .\Objects\main.obj
COMPILER INVOKED BY: D:\AppData\Keil_v5\C51\BIN\C51.EXE main.c OPTIMIZE(8,SPEED) BROWSE DEBUG OBJECTEXTEND PRINT(.\Listi
                    -ngs\main.lst) TABS(2) OBJECT(.\Objects\main.obj)

line level    source

   1          #include "Config.h"
   2          #include "Delay.h"
   3          #include "NVIC.h"
   4          #include "Switch.h"
   5          #include "UART.h"
   6          #include "DHT11.h"
   7          
   8          /**
   9           * @author HonestLiu
  10           * @webSite honestliu.com
  11           * @mail mail\@honestliu.com
  12           * @description è·å–DHT11çš„æ•°æ®å¹¶è§£æ-å°è£…ç‰ˆï¼Œé»˜è®¤DHT11æ•°æ®ç®¡è„šä¸ºP46,å¯å‰å¾€DHT11.hè¿
             -›è¡Œä¿®æ”¹
  13           * */
  14          
  15          // åˆå§‹åŒ–UART
  16          void UART_config(void) {
  17   1          // >>> è®°å¾—æ·»åŠ  NVIC.c, UART.c, UART_Isr.c <<<
  18   1          COMx_InitDefine COMx_InitStructure;                    //ç»“æ„å®šä¹‰
  19   1          COMx_InitStructure.UART_Mode = UART_8bit_BRTx;    //æ¨¡å¼, UART_ShiftRight,UART_8bit_BRTx,UART_9bit,U
             -ART_9bit_BRTx
  20   1          COMx_InitStructure.UART_BRT_Use = BRT_Timer1;            //é€‰æ‹©æ³¢ç‰¹ç‡å‘ç”Ÿå™¨, BRT_Timer1, BRT_T
             -imer2 (æ³¨æ„: ä¸²å£2å›ºå®šä½¿ç”¨BRT_Timer2)
  21   1          COMx_InitStructure.UART_BaudRate = 115200ul;            //æ³¢ç‰¹ç‡, ä¸€èˆ¬ 110 ~ 115200
  22   1          COMx_InitStructure.UART_RxEnable = ENABLE;                //æ¥æ”¶å…è®¸,   ENABLEæˆ–DISABLE
  23   1          COMx_InitStructure.BaudRateDouble = DISABLE;            //æ³¢ç‰¹ç‡åŠ å€, ENABLEæˆ–DISABLE
  24   1          UART_Configuration(UART1, &COMx_InitStructure);        //åˆå§‹åŒ–ä¸²å£1 UART1,UART2,UART3,UART4
  25   1      
  26   1          NVIC_UART1_Init(ENABLE,
  27   1                          Priority_1);        //ä¸­æ–­ä½¿èƒ½, ENABLE/DISABLE; ä¼˜å…ˆçº§(ä½åˆ°é«˜) Priority_0,Pr
             -iority_1,Priority_2,Priority_3
  28   1          UART1_SW(UART1_SW_P30_P31);        // å¼•è„šé€‰æ‹©, UART1_SW_P30_P31,UART1_SW_P36_P37,UART1_SW_P16_P17
             -,UART1_SW_P43_P44
  29   1      }
  30          
  31          
  32          int main() {
  33   1          float humidity = 0;
  34   1          float temperature = 0;
  35   1      
  36   1          DHT11_init();//åˆå§‹åŒ–DHT11
  37   1          UART_config();
  38   1      
  39   1          EA = 1;//å¼€å¯ä¸­æ–­
  40   1      
  41   1          while (1) {
  42   2              if (COM1.RX_TimeOut > 0) {
  43   3                  //è¶…æ—¶è®¡æ•°
  44   3                  if (--COM1.RX_TimeOut == 0) {
  45   4                      if (COM1.RX_Cnt > 0) {
  46   5                          if ((DHT11_get_info(&humidity, &temperature)) == 0) {//è·å–DHT11çš„æ•°æ®å¹¶åˆ¤æ–­æ˜
             -¯å¦è·å–æˆåŠŸ
  47   6                              printf("Humidity:%.2f %% \n", humidity);
  48   6                              printf("Temperature:%.2f C\n", temperature);
C51 COMPILER V9.60.7.0   MAIN                                                              07/03/2024 11:29:28 PAGE 2   

  49   6                          } else {
  50   6                              printf("Data validation failure!!");//æ•°æ®æ ¡éªŒå¤±è´¥
  51   6                          }
  52   5                      }
  53   4                      COM1.RX_Cnt = 0;
  54   4                  }
  55   3              }
  56   2              // ä¸è¦å¤„ç†çš„å¤ªå¿«
  57   2              delay_ms(10);
  58   2          }
  59   1      }


MODULE INFORMATION:   STATIC OVERLAYABLE
   CODE SIZE        =    169    ----
   CONSTANT SIZE    =     65    ----
   XDATA SIZE       =   ----    ----
   PDATA SIZE       =   ----    ----
   DATA SIZE        =   ----      17
   IDATA SIZE       =   ----    ----
   BIT SIZE         =   ----    ----
END OF MODULE INFORMATION.


C51 COMPILATION COMPLETE.  0 WARNING(S),  0 ERROR(S)
