C51 COMPILER V9.60.7.0   MAIN                                                              06/28/2024 11:04:14 PAGE 1   


C51 COMPILER V9.60.7.0, COMPILATION OF MODULE MAIN
OBJECT MODULE PLACED IN .\Objects\main.obj
COMPILER INVOKED BY: D:\AppData\Keil_v5\C51\BIN\C51.EXE main.c OPTIMIZE(8,SPEED) BROWSE DEBUG OBJECTEXTEND PRINT(.\Listi
                    -ngs\main.lst) TABS(2) OBJECT(.\Objects\main.obj)

line level    source

   1          #include "Config.h"
   2          #include "Delay.h"
   3          #include "NIXIE.h"
   4          
   5          
   6          // 记录字母位(控制要显示什么内容)
   7          u8 letter = 0x02; // 数字6 -> 0000 0010
   8          // 记录数字位(控制哪个数码管显示内容)
   9          u8 digital = 0x0A; // 0000 1010(左侧两个数码管点亮)
  10          
  11          u8 i;
  12          
  13          int main(void) {
  14   1        nixie_init();
  15   1        while (1) {
  16   2          //让数码管“同时”显示12345678(通过快速切换实现，实际一瞬间只亮了一个)
  17   2          for (i = 0; i < 8; i++) {
  18   3            // 快速切换显示
  19   3            nixie_display(i + 1, i);
  20   3            delay_ms(2);
  21   3          }
  22   2        }
  23   1      }


MODULE INFORMATION:   STATIC OVERLAYABLE
   CODE SIZE        =     31    ----
   CONSTANT SIZE    =   ----    ----
   XDATA SIZE       =   ----    ----
   PDATA SIZE       =   ----    ----
   DATA SIZE        =      3    ----
   IDATA SIZE       =   ----    ----
   BIT SIZE         =   ----    ----
END OF MODULE INFORMATION.


C51 COMPILATION COMPLETE.  0 WARNING(S),  0 ERROR(S)
