C51 COMPILER V9.60.7.0   MAIN                                                              06/28/2024 14:45:14 PAGE 1   


C51 COMPILER V9.60.7.0, COMPILATION OF MODULE MAIN
OBJECT MODULE PLACED IN .\Objects\main.obj
COMPILER INVOKED BY: D:\AppData\Keil_v5\C51\BIN\C51.EXE main.c OPTIMIZE(8,SPEED) BROWSE DEBUG OBJECTEXTEND PRINT(.\Listi
                    -ngs\main.lst) TABS(2) OBJECT(.\Objects\main.obj)

line level    source

   1          #include "Config.h"
   2          #include "GPIO.h"
   3          #include "Delay.h"
   4          
   5          #define BuzzerPin P00
   6          
   7          void gpio_config(void) {
   8   1        // 初始化NPN S8050的控制引脚 - P00
   9   1        P0_MODE_OUT_PP(GPIO_Pin_0);//推挽输出
  10   1      }
  11          
  12          
  13          int main() {
  14   1          gpio_config();
  15   1        
  16   1          while (1){
  17   2            BuzzerPin = 1;
  18   2            delay_ms(2);
  19   2            BuzzerPin = 0;
  20   2            delay_ms(2);
  21   2          }
  22   1             
  23   1      }


MODULE INFORMATION:   STATIC OVERLAYABLE
   CODE SIZE        =     26    ----
   CONSTANT SIZE    =   ----    ----
   XDATA SIZE       =   ----    ----
   PDATA SIZE       =   ----    ----
   DATA SIZE        =   ----    ----
   IDATA SIZE       =   ----    ----
   BIT SIZE         =   ----    ----
END OF MODULE INFORMATION.


C51 COMPILATION COMPLETE.  0 WARNING(S),  0 ERROR(S)
