C51 COMPILER V9.60.7.0   MAIN                                                              07/05/2024 08:41:35 PAGE 1   


C51 COMPILER V9.60.7.0, COMPILATION OF MODULE MAIN
OBJECT MODULE PLACED IN .\Objects\main.obj
COMPILER INVOKED BY: D:\AppData\Keil_v5\C51\BIN\C51.EXE main.c OPTIMIZE(8,SPEED) BROWSE DEBUG OBJECTEXTEND PRINT(.\Listi
                    -ngs\main.lst) TABS(2) OBJECT(.\Objects\main.obj)

line level    source

   1          #include "Config.h"
   2          #include "UART.h"
   3          #include "Delay.h"
   4          #include "Switch.h"
   5          #include "NVIC.h"
   6          #include "MatrixKeys.h"
   7          
   8          
   9          void UART_config(void) {
  10   1          // >>> 记得添加 NVIC.c, UART.c, UART_Isr.c <<<
  11   1          COMx_InitDefine COMx_InitStructure;                    //结构定义
  12   1          COMx_InitStructure.UART_Mode = UART_8bit_BRTx;    //模式, UART_ShiftRight,UART_8bit_BRTx,UART_9bit,U
             -ART_9bit_BRTx
  13   1          COMx_InitStructure.UART_BRT_Use = BRT_Timer1;            //选择波特率发生器, BRT_Timer1, BRT_T
             -imer2 (注意: 串口2固定使用BRT_Timer2)
  14   1          COMx_InitStructure.UART_BaudRate = 115200ul;            //波特率, 一般 110 ~ 115200
  15   1          COMx_InitStructure.UART_RxEnable = ENABLE;                //接收允许,   ENABLE或DISABLE
  16   1          COMx_InitStructure.BaudRateDouble = DISABLE;            //波特率加倍, ENABLE或DISABLE
  17   1          UART_Configuration(UART1, &COMx_InitStructure);        //初始化串口1 UART1,UART2,UART3,UART4
  18   1      
  19   1          NVIC_UART1_Init(ENABLE,
  20   1                          Priority_1);        //中断使能, ENABLE/DISABLE; 优先级(低到高) Priority_0,Pr
             -iority_1,Priority_2,Priority_3
  21   1          UART1_SW(UART1_SW_P30_P31);        // 引脚选择, UART1_SW_P30_P31,UART1_SW_P36_P37,UART1_SW_P16_P17
             -,UART1_SW_P43_P44
  22   1      }
  23          
  24          //按键按下的回调函数
  25          void MK_on_keydown(u8 row, u8 col) {
  26   1          printf("ROW:%d COL：%d of Key Down\n", (int) row, (int) col);
  27   1      }
  28          
  29          //按键抬起的回调函数
  30          void MK_on_keyup(u8 row, u8 col) {
  31   1          printf("ROW:%d COL：%d of Key Up\n", (int) row, (int) col);
  32   1      }
  33          
  34          
  35          int main() {
  36   1          MK_init();
  37   1          UART_config();
  38   1      
  39   1          EA = 1;
  40   1          while (1) {
  41   2              MK_scan();
  42   2              //每25ms监听一次按键的变化
  43   2              delay_ms(25);
  44   2          }
  45   1      }


MODULE INFORMATION:   STATIC OVERLAYABLE
   CODE SIZE        =    105    ----
   CONSTANT SIZE    =     56    ----
C51 COMPILER V9.60.7.0   MAIN                                                              07/05/2024 08:41:35 PAGE 2   

   XDATA SIZE       =   ----    ----
   PDATA SIZE       =   ----    ----
   DATA SIZE        =   ----       9
   IDATA SIZE       =   ----    ----
   BIT SIZE         =   ----    ----
END OF MODULE INFORMATION.


C51 COMPILATION COMPLETE.  0 WARNING(S),  0 ERROR(S)
