C51 COMPILER V9.60.7.0   MAIN                                                              06/12/2024 22:26:53 PAGE 1   


C51 COMPILER V9.60.7.0, COMPILATION OF MODULE MAIN
OBJECT MODULE PLACED IN .\Objects\main.obj
COMPILER INVOKED BY: D:\AppData\Keil_v5\C51\BIN\C51.EXE main.c OPTIMIZE(8,SPEED) BROWSE DEBUG OBJECTEXTEND PRINT(.\Listi
                    -ngs\main.lst) OBJECT(.\Objects\main.obj)

line level    source

   1          #include        "Config.h"
   2          #include        "GPIO.h"
   3          #include        "UART.h"
   4          #include        "Delay.h"
   5          #include        "NVIC.h"
   6          #include        "Switch.h"
   7          
   8          int main(void)
   9          {
  10   1              
  11   1              while(1){}
  12   1      }


MODULE INFORMATION:   STATIC OVERLAYABLE
   CODE SIZE        =      2    ----
   CONSTANT SIZE    =   ----    ----
   XDATA SIZE       =   ----    ----
   PDATA SIZE       =   ----    ----
   DATA SIZE        =   ----    ----
   IDATA SIZE       =   ----    ----
   BIT SIZE         =   ----    ----
END OF MODULE INFORMATION.


C51 COMPILATION COMPLETE.  0 WARNING(S),  0 ERROR(S)
