C51 COMPILER V9.60.7.0   MAIN                                                              07/10/2024 13:04:17 PAGE 1   


C51 COMPILER V9.60.7.0, COMPILATION OF MODULE MAIN
OBJECT MODULE PLACED IN .\Objects\main.obj
COMPILER INVOKED BY: D:\AppData\Keil_v5\C51\BIN\C51.EXE User\main.c OPTIMIZE(8,SPEED) BROWSE INCDIR(.\Lib) DEBUG OBJECTE
                    -XTEND PRINT(.\Listings\main.lst) TABS(2) OBJECT(.\Objects\main.obj)

line level    source

   1          #include "../Drive/Light.h"
   2          #include "Config.h"
   3          #include "GPIO.h"
   4          #include "RTX51TNY.h" //RTX51的系统头文件
   5          
   6          void sys_init() {
   7   1        EAXSFR();
   8   1      
   9   1        Light_init();
  10   1      
  11   1        EA = 1;
  12   1      }
  13          
  14          void start() _task_ 0 {
  15   1        sys_init();
  16   1        os_create_task(1); // 创建任务1
  17   1                           // os_create_task(2);//创建任务2
  18   1      
  19   1        // 销毁自己
  20   1        os_delete_task(0);
  21   1      }
  22          
  23          void task1() _task_ 1 {
  24   1      
  25   1        while (1) {
  26   2          // 依次点亮左右灯
  27   2          Light_on(LEFT);
  28   2          os_wait2(K_TMO, 100);
  29   2          Light_on(RIGHT);
  30   2          os_wait2(K_TMO, 100);
  31   2      
  32   2          // 全部熄灭
  33   2          Light_off(ALL);
  34   2          os_wait2(K_TMO, 100);
  35   2      
  36   2          // 全部点亮
  37   2          Light_on(ALL);
  38   2          os_wait2(K_TMO, 100);
  39   2      
  40   2          // 全部熄灭
  41   2          Light_off(ALL);
  42   2          os_wait2(K_TMO, 100);
  43   2        }
  44   1      }
  45          
  46          /* void task2() _task_ 2 {
  47          
  48            while (1) {
  49          
  50            }
  51          } */


MODULE INFORMATION:   STATIC OVERLAYABLE
C51 COMPILER V9.60.7.0   MAIN                                                              07/10/2024 13:04:17 PAGE 2   

   CODE SIZE        =     84    ----
   CONSTANT SIZE    =   ----    ----
   XDATA SIZE       =   ----    ----
   PDATA SIZE       =   ----    ----
   DATA SIZE        =   ----    ----
   IDATA SIZE       =   ----    ----
   BIT SIZE         =   ----    ----
END OF MODULE INFORMATION.


C51 COMPILATION COMPLETE.  0 WARNING(S),  0 ERROR(S)
