C51 COMPILER V9.60.7.0   MAIN                                                              06/12/2024 15:57:47 PAGE 1   


C51 COMPILER V9.60.7.0, COMPILATION OF MODULE MAIN
OBJECT MODULE PLACED IN .\Objects\main.obj
COMPILER INVOKED BY: D:\AppData\Keil_v5\C51\BIN\C51.EXE main.c OPTIMIZE(8,SPEED) BROWSE DEBUG OBJECTEXTEND PRINT(.\Listi
                    -ngs\main.lst) OBJECT(.\Objects\main.obj)

line level    source

   1          /*需求: 控制P53引脚上连接的寄存器*/
   2          
   3          // 定义端口模式配置寄存器
   4          sfr P5M1 = 0xC9;
   5          sfr P5M0 = 0xCA;
   6          // 定义端口
   7          sfr P5 = 0xc8;
   8          // 定义P53引脚
   9          sbit P53 = P5 ^ 3;
  10          
  11          // 延时函数
  12          void Delay1000us(void) //@11.0592MHz
  13          {
  14   1          unsigned char data i, j;
  15   1      
  16   1          i = 15;
  17   1          j = 90;
  18   1          do
  19   1          {
  20   2              while (--j)
  21   2                  ;
  22   2          } while (--i);
  23   1      }
  24          
  25          int main()
  26          {
  27   1      
  28   1          // 设置P5端口的3号引脚为双向输出，置0，用`&= ~`运算即可
  29   1          P5M0 &= ~0x80;
  30   1          P5M1 &= ~0x80;
  31   1      
  32   1          while (1)
  33   1          {
  34   2              P53 = 1; // 设置P53引脚为高电平，此时该引脚上的LED亮起
  35   2              Delay1000us();
  36   2              P53 = 0; // 设置P53引脚为低电平
  37   2              Delay1000us();
  38   2          } // 卡住，避免程序结束用的
  39   1      }


MODULE INFORMATION:   STATIC OVERLAYABLE
   CODE SIZE        =     27    ----
   CONSTANT SIZE    =   ----    ----
   XDATA SIZE       =   ----    ----
   PDATA SIZE       =   ----    ----
   DATA SIZE        =   ----    ----
   IDATA SIZE       =   ----    ----
   BIT SIZE         =   ----    ----
END OF MODULE INFORMATION.


C51 COMPILATION COMPLETE.  0 WARNING(S),  0 ERROR(S)
