C51 COMPILER V9.60.7.0   MAIN                                                              06/30/2024 12:15:19 PAGE 1   


C51 COMPILER V9.60.7.0, COMPILATION OF MODULE MAIN
OBJECT MODULE PLACED IN .\Objects\main.obj
COMPILER INVOKED BY: D:\AppData\Keil_v5\C51\BIN\C51.EXE main.c OPTIMIZE(8,SPEED) BROWSE DEBUG OBJECTEXTEND PRINT(.\Listi
                    -ngs\main.lst) TABS(2) OBJECT(.\Objects\main.obj)

line level    source

   1          #include "Config.h"
   2          #include "Delay.h"
   3          #include "GPIO.h"
   4          #include "Exti.h"
   5          #include "NVIC.h"
   6          #include "UART.h"
   7          #include "Switch.h"
   8          
   9          /****************  GPIO初始化函数 *****************/
  10          void GPIO_config(void) {
  11   1          //初始化中断监听管脚 -P37
  12   1          GPIO_InitTypeDef gpio_init_struct;
  13   1          gpio_init_struct.Mode = GPIO_PullUp;
  14   1          gpio_init_struct.Pin = GPIO_Pin_7;
  15   1          GPIO_Inilize(GPIO_P3, &gpio_init_struct);
  16   1      }
  17          
  18          /****************  UART初始化函数 *****************/
  19          void UART_config(void) {
  20   1          // >>> 记得添加 NVIC.c, UART.c, UART_Isr.c <<<
  21   1          COMx_InitDefine COMx_InitStructure;                    //结构定义
  22   1          COMx_InitStructure.UART_Mode = UART_8bit_BRTx;    //模式, UART_ShiftRight,UART_8bit_BRTx,UART_9bit,U
             -ART_9bit_BRTx
  23   1          COMx_InitStructure.UART_BRT_Use = BRT_Timer1;            //选择波特率发生器, BRT_Timer1, BRT_T
             -imer2 (注意: 串口2固定使用BRT_Timer2)
  24   1          COMx_InitStructure.UART_BaudRate = 115200ul;            //波特率, 一般 110 ~ 115200
  25   1          COMx_InitStructure.UART_RxEnable = ENABLE;                //接收允许,   ENABLE或DISABLE
  26   1          COMx_InitStructure.BaudRateDouble = DISABLE;            //波特率加倍, ENABLE或DISABLE
  27   1          UART_Configuration(UART1, &COMx_InitStructure);        //初始化串口1 UART1,UART2,UART3,UART4
  28   1      
  29   1          NVIC_UART1_Init(ENABLE,
  30   1                          Priority_1);        //中断使能, ENABLE/DISABLE; 优先级(低到高) Priority_0,Pr
             -iority_1,Priority_2,Priority_3
  31   1          UART1_SW(UART1_SW_P30_P31);        // 引脚选择, UART1_SW_P30_P31,UART1_SW_P36_P37,UART1_SW_P16_P17
             -,UART1_SW_P43_P44
  32   1      }
  33          
  34          /******************** INT配置 ********************/
  35          void Exti_config(void) {
  36   1          EXTI_InitTypeDef Exti_InitStructure;                            //结构定义
  37   1      
  38   1          Exti_InitStructure.EXTI_Mode = EXT_MODE_Fall;//中断模式,只监听下降沿
  39   1          Ext_Inilize(EXT_INT3, &Exti_InitStructure);                //初始化中断3，对应引脚是p37
  40   1          NVIC_INT0_Init(ENABLE,
  41   1                         Priority_0);        //中断使能, ENABLE/DISABLE; 优先级(低到高) Priority_0,Pri
             -ority_1,Priority_2,Priority_3
  42   1      }
  43          
  44          void ext_int3_call(void) {
  45   1          // 中断3只能监听下降沿
  46   1          if (P37 == 0) {
  47   2              delay_ms(1);//软件消抖
  48   2              if (P37 == 0) {
  49   3                  printf("int3_call:Falling edge\n");//下降沿
C51 COMPILER V9.60.7.0   MAIN                                                              06/30/2024 12:15:19 PAGE 2   

  50   3              }
  51   2          }
  52   1      }
  53          
  54          int main() {
  55   1      
  56   1          GPIO_config();
  57   1          UART_config();
  58   1          Exti_config();
  59   1      
  60   1          EA = 1;//使能中断
  61   1      
  62   1          printf("init\n");
  63   1          while (1) {
  64   2      
  65   2      
  66   2              delay_ms(250);
  67   2              delay_ms(250);
  68   2              delay_ms(250);
  69   2              delay_ms(250);
  70   2          }
  71   1      
  72   1      
  73   1      }


MODULE INFORMATION:   STATIC OVERLAYABLE
   CODE SIZE        =    145    ----
   CONSTANT SIZE    =     30    ----
   XDATA SIZE       =   ----    ----
   PDATA SIZE       =   ----    ----
   DATA SIZE        =   ----      12
   IDATA SIZE       =   ----    ----
   BIT SIZE         =   ----    ----
END OF MODULE INFORMATION.


C51 COMPILATION COMPLETE.  0 WARNING(S),  0 ERROR(S)
