C51 COMPILER V9.60.7.0   MAIN                                                              07/10/2024 13:47:59 PAGE 1   


C51 COMPILER V9.60.7.0, COMPILATION OF MODULE MAIN
OBJECT MODULE PLACED IN .\Objects\main.obj
COMPILER INVOKED BY: D:\AppData\Keil_v5\C51\BIN\C51.EXE User\main.c OPTIMIZE(8,SPEED) BROWSE INCDIR(.\Lib) DEBUG OBJECTE
                    -XTEND PRINT(.\Listings\main.lst) TABS(2) OBJECT(.\Objects\main.obj)

line level    source

   1          #include "../Drive/Key.h"
   2          #include "../Drive/Light.h"
   3          #include "Config.h"
   4          #include "GPIO.h"
   5          #include "RTX51TNY.h" //RTX51的系统头文件
   6          
   7          void sys_init() {
   8   1        EAXSFR();
   9   1      
  10   1        Light_init();
  11   1        KEY_init();
  12   1      
  13   1        EA = 1;
  14   1      }
  15          
  16          void start() _task_ 0 {
  17   1        sys_init();
  18   1        os_create_task(1); // 创建任务1
  19   1                           // os_create_task(2);//创建任务2
  20   1      
  21   1        // 销毁自己
  22   1        os_delete_task(0);
  23   1      }
  24          
  25          void KEY_down() { Light_on(ALL); }
  26          
  27          void KEY_up() { Light_off(ALL); }
  28          
  29          void task1() _task_ 1 {
  30   1      
  31   1        while (1) {
  32   2          KEY_scan();
  33   2          os_wait2(K_TMO, 2);
  34   2        }
  35   1      }
  36          
  37            /* void task2() _task_ 2 {
  38          
  39              while (1) {
  40          
  41              }
  42            } */


MODULE INFORMATION:   STATIC OVERLAYABLE
   CODE SIZE        =     47    ----
   CONSTANT SIZE    =   ----    ----
   XDATA SIZE       =   ----    ----
   PDATA SIZE       =   ----    ----
   DATA SIZE        =   ----    ----
   IDATA SIZE       =   ----    ----
   BIT SIZE         =   ----    ----
END OF MODULE INFORMATION.


C51 COMPILATION COMPLETE.  0 WARNING(S),  0 ERROR(S)
