C51 COMPILER V9.60.7.0   PCF8563                                                           08/01/2024 11:32:12 PAGE 1   


C51 COMPILER V9.60.7.0, COMPILATION OF MODULE PCF8563
OBJECT MODULE PLACED IN .\Objects\PCF8563.obj
COMPILER INVOKED BY: D:\AppData\Keil_v5\C51\BIN\C51.EXE PCF8563.c OPTIMIZE(8,SPEED) BROWSE DEBUG OBJECTEXTEND PRINT(.\Li
                    -stings\PCF8563.lst) TABS(2) OBJECT(.\Objects\PCF8563.obj)

line level    source

   1          #include "PCF8563.h"
   2          #include "GPIO.h"
   3          #include "I2C.h"
   4          #include "NVIC.h"
   5          #include "Switch.h"
   6          
   7          /*
   8          * SCL - P32
   9          * SDA - P33
  10          */
  11          
  12          // 十位取出左移4位 + 个位 (得到BCD数)
  13          #define WRITE_BCD(val)    ((val / 10) << 4) + (val % 10)
  14          
  15          /****************  I2C GPIO初始化函数 *****************/
  16          void GPIO_config() {
  17   1          GPIO_InitTypeDef gpio_init_struct;
  18   1          gpio_init_struct.Mode = GPIO_OUT_OD;//开漏输出
  19   1          gpio_init_struct.Pin = GPIO_Pin_2 | GPIO_Pin_3;//I2C总线所使用的两个IO
  20   1          GPIO_Inilize(GPIO_P3, &gpio_init_struct);
  21   1      
  22   1          P3_MODE_IO_PU(GPIO_Pin_0 | GPIO_Pin_1);
  23   1      }
  24          
  25          /****************  I2C初始化函数 *****************/
  26          void I2C_config(void) {
  27   1          I2C_InitTypeDef I2C_InitStructure;
  28   1      
  29   1          I2C_InitStructure.I2C_Mode = I2C_Mode_Master;    //主从选择   I2C_Mode_Master, I2C_Mode_Slave
  30   1          I2C_InitStructure.I2C_Enable = ENABLE;            //I2C功能使能,   ENABLE, DISABLE
  31   1          I2C_InitStructure.I2C_MS_WDTA = DISABLE;            //主机使能自动发送,  ENABLE, DISABLE
  32   1          I2C_InitStructure.I2C_Speed = 13;                //总线速度=Fosc/2/(Speed*2+4),      0~63
  33   1          I2C_Init(&I2C_InitStructure);
  34   1          NVIC_I2C_Init(I2C_Mode_Master, DISABLE,
  35   1                        Priority_0);    //主从模式, I2C_Mode_Master, I2C_Mode_Slave; 中断使能, ENABLE/DI
             -SABLE; 优先级(低到高) Priority_0,Priority_1,Priority_2,Priority_3
  36   1      
  37   1          I2C_SW(I2C_P33_P32);                    //I2C_P14_P15,I2C_P24_P25,I2C_P33_P32
  38   1      }
  39          
  40          
  41          void PCF8563_init(void) {
  42   1          EAXSFR();//使能拓展寄存器
  43   1          GPIO_config();
  44   1          I2C_config();
  45   1      }
  46          
  47          
  48          void PCF8563_set(Clock_t *c) {
  49   1          u8 p[NUMBER];
  50   1          u8 C = CENTURY;//世纪 0: 2000  1:2100
  51   1        
  52   1          //将十进制数据转成BCD格式数据-> 和取数据倒着来即可
  53   1          p[0] = ((c->second / 10) << 4) + (c->second % 10);
C51 COMPILER V9.60.7.0   PCF8563                                                           08/01/2024 11:32:12 PAGE 2   

  54   1          p[1] = WRITE_BCD(c->minute);
  55   1          p[2] = WRITE_BCD(c->hour);
  56   1          p[3] = c->week;
  57   1          p[4] = WRITE_BCD(c->day);
  58   1          C = c->year < 2100 ? 0 : 1;
  59   1          p[5] = (C << 7) + WRITE_BCD(c->month);
  60   1          p[6] = WRITE_BCD(c->year % 100);//年的范围是 0 ~99，只取十位即可
  61   1      
  62   1          //数据写入
  63   1          I2C_WriteNbyte(0xA2, PCF8563_REG_TD, &p, NUMBER);
  64   1      }
  65          
  66          void PCF8563_get(Clock_t *c) {
  67   1          u8 p[NUMBER];
  68   1          u8 C = CENTURY;//世纪 0: 2000  1:2100
  69   1          //通过I2C读取RTC时钟芯片的秒数据
  70   1          I2C_ReadNbyte(0xA3, PCF8563_REG_TD, &p, NUMBER);
  71   1      
  72   1          //解析得到的数据
  73   1          c->second = ((p[0] >> 4) & 0x07) * 10 + (p[0] & 0x0F);//秒，高4位全取，低4位全取
  74   1          c->minute = ((p[1] >> 4) & 0x07) * 10 + (p[1] & 0x0F);//分，高4位全取，低4位全取
  75   1          c->hour = ((p[2] >> 4) & 0x03) * 10 + (p[2] & 0x0F);//时，高4位需要取两位，低4位全取
  76   1          c->day = ((p[3] >> 4) & 0x03) * 10 + (p[3] & 0x0F);//天，高4位需要取两位，低4位全取
  77   1          c->week = p[4] & 0x07;//周,只取低3位
  78   1          c->month = ((p[5] >> 4) & 0x01) * 10 + (p[5] & 0x0F);//月,高4位取1位，低4位全取
  79   1          C = p[5] >> 7;//世纪，只取最高位。 --> 0表示20xx年 1表示21xx年
  80   1          c->year = ((p[6] >> 4) & 0x0F) * 10 + (p[6] & 0x0F);//年，全都要;  --> 其范围是0~99
  81   1      
  82   1          /*根据BSD获取的年的范围是0~99，需要得到我们常见的"年"，需要将BSD得到的year
             -与C所对应的值相加*/
  83   1          c->year += (C == 0 ? 2000 : 2100);
  84   1      }


MODULE INFORMATION:   STATIC OVERLAYABLE
   CODE SIZE        =    522    ----
   CONSTANT SIZE    =   ----    ----
   XDATA SIZE       =   ----    ----
   PDATA SIZE       =   ----    ----
   DATA SIZE        =   ----      29
   IDATA SIZE       =   ----    ----
   BIT SIZE         =   ----    ----
END OF MODULE INFORMATION.


C51 COMPILATION COMPLETE.  0 WARNING(S),  0 ERROR(S)
