C51 COMPILER V9.60.7.0   MAIN                                                              06/14/2024 15:48:15 PAGE 1   


C51 COMPILER V9.60.7.0, COMPILATION OF MODULE MAIN
OBJECT MODULE PLACED IN .\Objects\main.obj
COMPILER INVOKED BY: D:\AppData\Keil_v5\C51\BIN\C51.EXE main.c OPTIMIZE(8,SPEED) BROWSE DEBUG OBJECTEXTEND PRINT(.\Listi
                    -ngs\main.lst) OBJECT(.\Objects\main.obj)

line level    source

   1          #include "Config.h"
   2          #include "GPIO.h"
   3          
   4          void gpio_config()
   5          {
   6   1              GPIO_InitTypeDef gpio_struct;
   7   1              gpio_struct.Pin = GPIO_Pin_3;
   8   1              gpio_struct.Mode = GPIO_OUT_PP;
   9   1              
  10   1              GPIO_Inilize(GPIO_P5,&gpio_struct);
  11   1      }
  12          
  13          int main()
  14          {
  15   1              gpio_config();
  16   1              
  17   1              while(1)
  18   1              {
  19   2                      P53 = 1;
  20   2                      NOP1();
  21   2                      P53 = 0;
  22   2                      //NOP1();       
  23   2              }
  24   1              
  25   1      }


MODULE INFORMATION:   STATIC OVERLAYABLE
   CODE SIZE        =     27    ----
   CONSTANT SIZE    =   ----    ----
   XDATA SIZE       =   ----    ----
   PDATA SIZE       =   ----    ----
   DATA SIZE        =   ----       2
   IDATA SIZE       =   ----    ----
   BIT SIZE         =   ----    ----
END OF MODULE INFORMATION.


C51 COMPILATION COMPLETE.  0 WARNING(S),  0 ERROR(S)
