C51 COMPILER V9.60.7.0   UART                                                              06/14/2024 15:42:37 PAGE 1   


C51 COMPILER V9.60.7.0, COMPILATION OF MODULE UART
OBJECT MODULE PLACED IN .\Objects\UART.obj
COMPILER INVOKED BY: D:\AppData\Keil_v5\C51\BIN\C51.EXE UART.c OPTIMIZE(8,SPEED) BROWSE DEBUG OBJECTEXTEND PRINT(.\Listi
                    -ngs\UART.lst) OBJECT(.\Objects\UART.obj)

line level    source

   1          /*---------------------------------------------------------------------*/
   2          /* --- STC MCU Limited ------------------------------------------------*/
   3          /* --- STC 1T Series MCU Demo Programme -------------------------------*/
   4          /* --- Mobile: (86)13922805190 ----------------------------------------*/
   5          /* --- Fax: 86-0513-55012956,55012947,55012969 ------------------------*/
   6          /* --- Tel: 86-0513-55012928,55012929,55012966 ------------------------*/
   7          /* --- Web: www.STCAI.com ---------------------------------------------*/
   8          /* --- BBS: www.STCAIMCU.com  -----------------------------------------*/
   9          /* --- QQ:  800003751 -------------------------------------------------*/
  10          /* Â¶ÇÊûúË¶ÅÂú®Á®ãÂ∫è‰∏≠‰ΩøÁî®Ê≠§‰ª£Á†Å,ËØ∑Âú®Á®ãÂ∫è‰∏≠Ê≥®Êòé‰ΩøÁî®‰∫ÜSTCÁöÑËµÑÊñôÂèäÁ®ãÂ∫è            */
  11          /*---------------------------------------------------------------------*/
  12          
  13          #include "UART.h"
  14          
  15          //========================================================================
  16          //                               Êú¨Âú∞ÂèòÈáèÂ£∞Êòé
  17          //========================================================================
  18          
  19          #ifdef UART1
  20          COMx_Define     COM1;
  21          u8      xdata TX1_Buffer[COM_TX1_Lenth];        //ÂèëÈÄÅÁºìÂÜ≤
  22          u8      xdata RX1_Buffer[COM_RX1_Lenth];        //Êé•Êî∂ÁºìÂÜ≤
  23          #endif
  24          #ifdef UART2
              COMx_Define     COM2;
              u8      xdata TX2_Buffer[COM_TX2_Lenth];        //ÂèëÈÄÅÁºìÂÜ≤
              u8      xdata RX2_Buffer[COM_RX2_Lenth];        //Êé•Êî∂ÁºìÂÜ≤
              #endif
  29          #ifdef UART3
              COMx_Define     COM3;
              u8      xdata TX3_Buffer[COM_TX3_Lenth];        //ÂèëÈÄÅÁºìÂÜ≤
              u8      xdata RX3_Buffer[COM_RX3_Lenth];        //Êé•Êî∂ÁºìÂÜ≤
              #endif
  34          #ifdef UART4
  35          COMx_Define     COM4;
  36          u8      xdata TX4_Buffer[COM_TX4_Lenth];        //ÂèëÈÄÅÁºìÂÜ≤
  37          u8      xdata RX4_Buffer[COM_RX4_Lenth];        //Êé•Êî∂ÁºìÂÜ≤
  38          #endif
  39          
  40          //========================================================================
  41          // ÂáΩÊï∞: UART_Configuration
  42          // ÊèèËø∞: UARTÂàùÂßãÂåñÁ®ãÂ∫è.
  43          // ÂèÇÊï∞: UARTx: UARTÁªÑÂè∑, COMxÁªìÊûÑÂèÇÊï∞,ËØ∑ÂèÇËÄÉUART.hÈáåÁöÑÂÆö‰πâ.
  44          // ËøîÂõû: none.
  45          // ÁâàÊú¨: V1.0, 2012-10-22
  46          //========================================================================
  47          u8 UART_Configuration(u8 UARTx, COMx_InitDefine *COMx)
  48          {
  49   1      #if  defined( UART1 ) || defined( UART2 ) || defined( UART3 ) || defined( UART4 )
  50   1              u16     i;
  51   1              u32     j;
  52   1      #else
                      UARTx = NULL;
                      COMx = NULL;
C51 COMPILER V9.60.7.0   UART                                                              06/14/2024 15:42:37 PAGE 2   

              #endif
  56   1      
  57   1      #ifdef UART1
  58   1              if(UARTx == UART1)
  59   1              {
  60   2                      COM1.TX_send    = 0;
  61   2                      COM1.TX_write   = 0;
  62   2                      COM1.B_TX_busy  = 0;
  63   2                      COM1.RX_Cnt     = 0;
  64   2                      COM1.RX_TimeOut = 0;
  65   2                      
  66   2                      for(i=0; i<COM_TX1_Lenth; i++)  TX1_Buffer[i] = 0;
  67   2                      for(i=0; i<COM_RX1_Lenth; i++)  RX1_Buffer[i] = 0;
  68   2      
  69   2                      SCON = (SCON & 0x3f) | COMx->UART_Mode; //Ê®°ÂºèËÆæÁΩÆ
  70   2                      if((COMx->UART_Mode == UART_9bit_BRTx) || (COMx->UART_Mode == UART_8bit_BRTx))  //ÂèØÂèòÊ≥¢ÁâπÁéá
  71   2                      {
  72   3                              j = (MAIN_Fosc / 4) / COMx->UART_BaudRate;      //Êåâ1TËÆ°ÁÆó
  73   3                              if(j >= 65536UL)        return FAIL;    //ÈîôËØØ
  74   3                              j = 65536UL - j;
  75   3                              if(COMx->UART_BRT_Use == BRT_Timer1)
  76   3                              {
  77   4                                      TR1 = 0;
  78   4                                      AUXR &= ~0x01;          //S1 BRT Use Timer1;
  79   4                                      TMOD &= ~(1<<6);        //Timer1 set As Timer
  80   4                                      TMOD &= ~0x30;          //Timer1_16bitAutoReload;
  81   4                                      AUXR |=  (1<<6);        //Timer1 set as 1T mode
  82   4                                      TH1 = (u8)(j>>8);
  83   4                                      TL1 = (u8)j;
  84   4                                      ET1 = 0;        //Á¶ÅÊ≠¢‰∏≠Êñ≠
  85   4                                      TMOD &= ~0x40;  //ÂÆöÊó∂
  86   4                                      INTCLKO &= ~0x02;       //‰∏çËæìÂá∫Êó∂Èíü
  87   4                                      TR1  = 1;
  88   4                              }
  89   3                              else if(COMx->UART_BRT_Use == BRT_Timer2)
  90   3                              {
  91   4                                      AUXR &= ~(1<<4);        //Timer stop
  92   4                                      AUXR |= 0x01;           //S1 BRT Use Timer2;
  93   4                                      AUXR &= ~(1<<3);        //Timer2 set As Timer
  94   4                                      AUXR |=  (1<<2);        //Timer2 set as 1T mode
  95   4                                      T2H = (u8)(j>>8);
  96   4                                      T2L = (u8)j;
  97   4                                      IE2  &= ~(1<<2);        //Á¶ÅÊ≠¢‰∏≠Êñ≠
  98   4                                      AUXR |=  (1<<4);        //Timer run enable
  99   4                              }
 100   3                              else return FAIL;       //ÈîôËØØ
 101   3                      }
 102   2                      else if(COMx->UART_Mode == UART_ShiftRight)
 103   2                      {
 104   3                              if(COMx->BaudRateDouble == ENABLE)      AUXR |=  (1<<5);        //Âõ∫ÂÆöÊ≥¢ÁâπÁéáSysClk/2
 105   3                              else                                                            AUXR &= ~(1<<5);        //Âõ∫ÂÆöÊ≥¢ÁâπÁéáSysClk/12
 106   3                      }
 107   2                      else if(COMx->UART_Mode == UART_9bit)   //Âõ∫ÂÆöÊ≥¢ÁâπÁéáSysClk*2^SMOD/64
 108   2                      {
 109   3                              if(COMx->BaudRateDouble == ENABLE)      PCON |=  (1<<7);        //Âõ∫ÂÆöÊ≥¢ÁâπÁéáSysClk/32
 110   3                              else                                                            PCON &= ~(1<<7);        //Âõ∫ÂÆöÊ≥¢ÁâπÁéáSysClk/64
 111   3                      }
 112   2                      UART1_RxEnable(COMx->UART_RxEnable);    //UARTÊé•Êî∂‰ΩøËÉΩ
 113   2      
 114   2                      return SUCCESS;
 115   2              }
 116   1      #endif
C51 COMPILER V9.60.7.0   UART                                                              06/14/2024 15:42:37 PAGE 3   

 117   1      #ifdef UART2
                      if(UARTx == UART2)
                      {
                              COM2.TX_send    = 0;
                              COM2.TX_write   = 0;
                              COM2.B_TX_busy  = 0;
                              COM2.RX_Cnt     = 0;
                              COM2.RX_TimeOut = 0;
              
                              for(i=0; i<COM_TX2_Lenth; i++)  TX2_Buffer[i] = 0;
                              for(i=0; i<COM_RX2_Lenth; i++)  RX2_Buffer[i] = 0;
              
                              if((COMx->UART_Mode == UART_9bit_BRTx) ||(COMx->UART_Mode == UART_8bit_BRTx))   //ÂèØÂèòÊ≥¢ÁâπÁéá
                              {
                                      if(COMx->UART_Mode == UART_9bit_BRTx)   S2CON |=  (1<<7);       //9bit
                                      else                                                                    S2CON &= ~(1<<7);       //8bit
                                      j = (MAIN_Fosc / 4) / COMx->UART_BaudRate;      //Êåâ1TËÆ°ÁÆó
                                      if(j >= 65536UL)        return FAIL;    //ÈîôËØØ
                                      j = 65536UL - j;
                                      AUXR &= ~(1<<4);        //Timer stop
                                      AUXR &= ~(1<<3);        //Timer2 set As Timer
                                      AUXR |=  (1<<2);        //Timer2 set as 1T mode
                                      T2H = (u8)(j>>8);
                                      T2L = (u8)j;
                                      IE2  &= ~(1<<2);        //Á¶ÅÊ≠¢‰∏≠Êñ≠
                                      AUXR |=  (1<<4);        //Timer run enable
                              }
                              else    return FAIL;    //Ê®°ÂºèÈîôËØØ
                              UART2_RxEnable(COMx->UART_RxEnable);    //UARTÊé•Êî∂‰ΩøËÉΩ
              
                              return SUCCESS;
                      }
              #endif
 150   1      #ifdef UART3
                      if(UARTx == UART3)
                      {
                              COM3.TX_send    = 0;
                              COM3.TX_write   = 0;
                              COM3.B_TX_busy  = 0;
                              COM3.RX_Cnt     = 0;
                              COM3.RX_TimeOut = 0;
                              for(i=0; i<COM_TX3_Lenth; i++)  TX3_Buffer[i] = 0;
                              for(i=0; i<COM_RX3_Lenth; i++)  RX3_Buffer[i] = 0;
              
                              if((COMx->UART_Mode == UART_9bit_BRTx) || (COMx->UART_Mode == UART_8bit_BRTx))  //ÂèØÂèòÊ≥¢ÁâπÁéá
                              {
                                      if(COMx->UART_Mode == UART_9bit_BRTx)   S3CON |=  (1<<7);       //9bit
                                      else                                                                    S3CON &= ~(1<<7);       //8bit
                                      j = (MAIN_Fosc / 4) / COMx->UART_BaudRate;      //Êåâ1TËÆ°ÁÆó
                                      if(j >= 65536UL)        return FAIL;    //ÈîôËØØ
                                      j = 65536UL - j;
                                      if(COMx->UART_BRT_Use == BRT_Timer3)
                                      {
                                              S3CON |=  (1<<6);               //S3 BRT Use Timer3;
                                              T3H = (u8)(j>>8);
                                              T3L = (u8)j;
                                              T4T3M &= 0xf0;
                                              T4T3M |= 0x0a;                  //Timer3 set As Timer, 1T mode, Start timer3
                                      }
                                      else if(COMx->UART_BRT_Use == BRT_Timer2)
                                      {
                                              AUXR &= ~(1<<4);                //Timer stop
C51 COMPILER V9.60.7.0   UART                                                              06/14/2024 15:42:37 PAGE 4   

                                              S3CON &= ~(1<<6);               //S3 BRT Use Timer2;
                                              AUXR &= ~(1<<3);                //Timer2 set As Timer
                                              AUXR |=  (1<<2);                //Timer2 set as 1T mode
                                              T2H = (u8)(j>>8);
                                              T2L = (u8)j;
                                              IE2  &= ~(1<<2);        //Á¶ÅÊ≠¢‰∏≠Êñ≠
                                              AUXR |=  (1<<4);        //Timer run enable
                                      }
                                      else return FAIL;       //ÈîôËØØ
                              }
                              else    return FAIL;    //Ê®°ÂºèÈîôËØØ
                              UART3_RxEnable(COMx->UART_RxEnable);    //UARTÊé•Êî∂‰ΩøËÉΩ
              
                              return SUCCESS;
                      }
              #endif
 195   1      #ifdef UART4
 196   1              if(UARTx == UART4)
 197   1              {
 198   2                      COM4.TX_send    = 0;
 199   2                      COM4.TX_write   = 0;
 200   2                      COM4.B_TX_busy  = 0;
 201   2                      COM4.RX_Cnt     = 0;
 202   2                      COM4.RX_TimeOut = 0;
 203   2                      for(i=0; i<COM_TX4_Lenth; i++)  TX4_Buffer[i] = 0;
 204   2                      for(i=0; i<COM_RX4_Lenth; i++)  RX4_Buffer[i] = 0;
 205   2      
 206   2                      if((COMx->UART_Mode == UART_9bit_BRTx) || (COMx->UART_Mode == UART_8bit_BRTx))  //ÂèØÂèòÊ≥¢ÁâπÁéá
 207   2                      {
 208   3                              if(COMx->UART_Mode == UART_9bit_BRTx)   S4CON |=  (1<<7);       //9bit
 209   3                              else                                                                    S4CON &= ~(1<<7);       //8bit
 210   3                              j = (MAIN_Fosc / 4) / COMx->UART_BaudRate;      //Êåâ1TËÆ°ÁÆó
 211   3                              if(j >= 65536UL)        return FAIL;    //ÈîôËØØ
 212   3                              j = 65536UL - j;
 213   3                              if(COMx->UART_BRT_Use == BRT_Timer4)
 214   3                              {
 215   4                                      S4CON |=  (1<<6);               //S4 BRT Use Timer4;
 216   4                                      T4H = (u8)(j>>8);
 217   4                                      T4L = (u8)j;
 218   4                                      T4T3M &= 0x0f;
 219   4                                      T4T3M |= 0xa0;                  //Timer4 set As Timer, 1T mode, Start timer4
 220   4                              }
 221   3                              else if(COMx->UART_BRT_Use == BRT_Timer2)
 222   3                              {
 223   4                                      AUXR &= ~(1<<4);                //Timer stop
 224   4                                      S4CON &= ~(1<<6);               //S4 BRT Use Timer2;
 225   4                                      AUXR &= ~(1<<3);                //Timer2 set As Timer
 226   4                                      AUXR |=  (1<<2);                //Timer2 set as 1T mode
 227   4                                      T2H = (u8)(j>>8);
 228   4                                      T2L = (u8)j;
 229   4                                      IE2  &= ~(1<<2);        //Á¶ÅÊ≠¢‰∏≠Êñ≠
 230   4                                      AUXR |=  (1<<4);        //Timer run enable
 231   4                              }
 232   3                              else return FAIL;       //ÈîôËØØ
 233   3                      }
 234   2                      else    return FAIL;    //Ê®°ÂºèÈîôËØØ
 235   2                      UART4_RxEnable(COMx->UART_RxEnable);    //UARTÊé•Êî∂‰ΩøËÉΩ
 236   2                      
 237   2                      return SUCCESS;
 238   2              }
 239   1      #endif
 240   1              return FAIL;    //ÈîôËØØ
C51 COMPILER V9.60.7.0   UART                                                              06/14/2024 15:42:37 PAGE 5   

 241   1      }
 242          
 243          /*********************************************************/
 244          
 245          /********************* UART1 ÂáΩÊï∞ ************************/
 246          #ifdef UART1
 247          void TX1_write2buff(u8 dat)     //‰∏≤Âè£1ÂèëÈÄÅÂáΩÊï∞
 248          {
 249   1          #if(UART_QUEUE_MODE == 1)
                      TX1_Buffer[COM1.TX_write] = dat;        //Ë£ÖÂèëÈÄÅÁºìÂÜ≤Ôºå‰ΩøÁî®ÈòüÂàóÂºèÊï∞ÊçÆÂèëÈÄÅÔºå‰∏ÄÊ¨°ÊÄßÂèëÈÄÅÊï∞ÊçÆÈ
             -ïøÂ∫¶‰∏çË¶ÅË∂ÖËøáÁºìÂÜ≤Âå∫Â§ßÂ∞èÔºàCOM_TXn_LenthÔºâ
                      if(++COM1.TX_write >= COM_TX1_Lenth)    COM1.TX_write = 0;
              
                      if(COM1.B_TX_busy == 0)         //Á©∫Èó≤
                      {  
                              COM1.B_TX_busy = 1;             //Ê†áÂøóÂøô
                              TI = 1;                                 //Ëß¶ÂèëÂèëÈÄÅ‰∏≠Êñ≠
                      }
                  #else
 259   1          //‰ª•‰∏ãÊòØÈòªÂ°ûÊñπÂºèÂèëÈÄÅÊñπÊ≥ï
 260   1              SBUF = dat;
 261   1              COM1.B_TX_busy = 1;             //Ê†áÂøóÂøô
 262   1              while(COM1.B_TX_busy);
 263   1          #endif
 264   1      }
 265          
 266          void PrintString1(u8 *puts)
 267          {
 268   1          for (; *puts != 0;  puts++)  TX1_write2buff(*puts);         //ÈÅáÂà∞ÂÅúÊ≠¢Á¨¶0ÁªìÊùü
 269   1      }
 270          
 271          #endif
 272          
 273          /********************* UART2 ÂáΩÊï∞ ************************/
 274          #ifdef UART2
              void TX2_write2buff(u8 dat)     //‰∏≤Âè£2ÂèëÈÄÅÂáΩÊï∞
              {
                  #if(UART_QUEUE_MODE == 1)
                      TX2_Buffer[COM2.TX_write] = dat;        //Ë£ÖÂèëÈÄÅÁºìÂÜ≤Ôºå‰ΩøÁî®ÈòüÂàóÂºèÊï∞ÊçÆÂèëÈÄÅÔºå‰∏ÄÊ¨°ÊÄßÂèëÈÄÅÊï∞ÊçÆÈ
             -ïøÂ∫¶‰∏çË¶ÅË∂ÖËøáÁºìÂÜ≤Âå∫Â§ßÂ∞èÔºàCOM_TXn_LenthÔºâ
                      if(++COM2.TX_write >= COM_TX2_Lenth)    COM2.TX_write = 0;
              
                      if(COM2.B_TX_busy == 0)         //Á©∫Èó≤
                      {  
                              COM2.B_TX_busy = 1;             //Ê†áÂøóÂøô
                              SET_TI2();                              //Ëß¶ÂèëÂèëÈÄÅ‰∏≠Êñ≠
                      }
                  #else
                  //‰ª•‰∏ãÊòØÈòªÂ°ûÊñπÂºèÂèëÈÄÅÊñπÊ≥ï
                      S2BUF = dat;
                      COM2.B_TX_busy = 1;             //Ê†áÂøóÂøô
                      while(COM2.B_TX_busy);
                  #endif
              }
              
              void PrintString2(u8 *puts)
              {
                  for (; *puts != 0;  puts++)  TX2_write2buff(*puts);         //ÈÅáÂà∞ÂÅúÊ≠¢Á¨¶0ÁªìÊùü
              }
              
              #endif
 300          
C51 COMPILER V9.60.7.0   UART                                                              06/14/2024 15:42:37 PAGE 6   

 301          /********************* UART3 ÂáΩÊï∞ ************************/
 302          #ifdef UART3
              void TX3_write2buff(u8 dat)     //‰∏≤Âè£3ÂèëÈÄÅÂáΩÊï∞
              {
                  #if(UART_QUEUE_MODE == 1)
                      TX3_Buffer[COM3.TX_write] = dat;        //Ë£ÖÂèëÈÄÅÁºìÂÜ≤Ôºå‰ΩøÁî®ÈòüÂàóÂºèÊï∞ÊçÆÂèëÈÄÅÔºå‰∏ÄÊ¨°ÊÄßÂèëÈÄÅÊï∞ÊçÆÈ
             -ïøÂ∫¶‰∏çË¶ÅË∂ÖËøáÁºìÂÜ≤Âå∫Â§ßÂ∞èÔºàCOM_TXn_LenthÔºâ
                      if(++COM3.TX_write >= COM_TX3_Lenth)    COM3.TX_write = 0;
              
                      if(COM3.B_TX_busy == 0)         //Á©∫Èó≤
                      {  
                              COM3.B_TX_busy = 1;             //Ê†áÂøóÂøô
                              SET_TI3();                              //Ëß¶ÂèëÂèëÈÄÅ‰∏≠Êñ≠
                      }
                  #else
                  //‰ª•‰∏ãÊòØÈòªÂ°ûÊñπÂºèÂèëÈÄÅÊñπÊ≥ï
                      S3BUF = dat;
                      COM3.B_TX_busy = 1;             //Ê†áÂøóÂøô
                      while(COM3.B_TX_busy);
                  #endif
              }
              
              void PrintString3(u8 *puts)
              {
                  for (; *puts != 0;  puts++)  TX3_write2buff(*puts);         //ÈÅáÂà∞ÂÅúÊ≠¢Á¨¶0ÁªìÊùü
              }
              
              #endif
 328          
 329          /********************* UART4 ÂáΩÊï∞ ************************/
 330          #ifdef UART4
 331          void TX4_write2buff(u8 dat)     //‰∏≤Âè£4ÂèëÈÄÅÂáΩÊï∞
 332          {
 333   1          #if(UART_QUEUE_MODE == 1)
                      TX4_Buffer[COM4.TX_write] = dat;        //Ë£ÖÂèëÈÄÅÁºìÂÜ≤Ôºå‰ΩøÁî®ÈòüÂàóÂºèÊï∞ÊçÆÂèëÈÄÅÔºå‰∏ÄÊ¨°ÊÄßÂèëÈÄÅÊï∞ÊçÆÈ
             -ïøÂ∫¶‰∏çË¶ÅË∂ÖËøáÁºìÂÜ≤Âå∫Â§ßÂ∞èÔºàCOM_TXn_LenthÔºâ
                      if(++COM4.TX_write >= COM_TX4_Lenth)    COM4.TX_write = 0;
              
                      if(COM4.B_TX_busy == 0)         //Á©∫Èó≤
                      {  
                              COM4.B_TX_busy = 1;             //Ê†áÂøóÂøô
                              SET_TI4();                              //Ëß¶ÂèëÂèëÈÄÅ‰∏≠Êñ≠
                      }
                  #else
 343   1          //‰ª•‰∏ãÊòØÈòªÂ°ûÊñπÂºèÂèëÈÄÅÊñπÊ≥ï
 344   1              S4BUF = dat;
 345   1              COM4.B_TX_busy = 1;             //Ê†áÂøóÂøô
 346   1              while(COM4.B_TX_busy);
 347   1          #endif
 348   1      }
 349          
 350          void PrintString4(u8 *puts)
 351          {
 352   1          for (; *puts != 0;  puts++)  TX4_write2buff(*puts);         //ÈÅáÂà∞ÂÅúÊ≠¢Á¨¶0ÁªìÊùü
 353   1      }
 354          
 355          #endif
 356          
 357          /*********************************************************/
 358          /*
 359          void COMx_write2buff(u8 UARTx, u8 dat)  //UART1/UART2/UART3/UART4
 360          {
C51 COMPILER V9.60.7.0   UART                                                              06/14/2024 15:42:37 PAGE 7   

 361                  if(UARTx == UART1)      TX1_write2buff(dat);
 362                  if(UARTx == UART2)      TX2_write2buff(dat);
 363                  if(UARTx == UART3)      TX3_write2buff(dat);
 364                  if(UARTx == UART4)      TX4_write2buff(dat);
 365          }
 366          
 367          void PrintString(u8 UARTx, u8 *puts)
 368          {
 369              for (; *puts != 0;  puts++)  COMx_write2buff(UARTx,*puts);  //ÈÅáÂà∞ÂÅúÊ≠¢Á¨¶0ÁªìÊùü
 370          }
 371          */
 372          
 373          /********************* Printf ÂáΩÊï∞ ************************/
 374          #if(PRINTF_SELECT == 1)
 375          
 376          char putchar(char c)
 377          {
 378   1              TX1_write2buff(c);
 379   1              return c;
 380   1      }
 381          
 382          #elif(PRINTF_SELECT == 2)
              
              char putchar(char c)
              {
                      TX2_write2buff(c);
                      return c;
              }
              
              #elif(PRINTF_SELECT == 3)
              
              char putchar(char c)
              {
                      TX3_write2buff(c);
                      return c;
              }
              
              #elif(PRINTF_SELECT == 4)
              
              char putchar(char c)
              {
                      TX4_write2buff(c);
                      return c;
              }
              
              #endif


MODULE INFORMATION:   STATIC OVERLAYABLE
   CODE SIZE        =    748    ----
   CONSTANT SIZE    =   ----    ----
   XDATA SIZE       =    320    ----
   PDATA SIZE       =   ----    ----
   DATA SIZE        =     10      10
   IDATA SIZE       =   ----    ----
   BIT SIZE         =   ----    ----
END OF MODULE INFORMATION.


C51 COMPILATION COMPLETE.  0 WARNING(S),  0 ERROR(S)
