C51 COMPILER V9.60.7.0   MAIN                                                              07/10/2024 15:00:40 PAGE 1   


C51 COMPILER V9.60.7.0, COMPILATION OF MODULE MAIN
OBJECT MODULE PLACED IN .\Objects\main.obj
COMPILER INVOKED BY: D:\AppData\Keil_v5\C51\BIN\C51.EXE User\main.c OPTIMIZE(8,SPEED) BROWSE INCDIR(.\Lib) DEBUG OBJECTE
                    -XTEND PRINT(.\Listings\main.lst) TABS(2) OBJECT(.\Objects\main.obj)

line level    source

   1          #include "../Drive/Key.h"
   2          #include "../Drive/Light.h"
   3          #include "../Drive/battery.h"
   4          #include "Config.h"
   5          #include "GPIO.h"
   6          #include "RTX51TNY.h" //RTX51的系统头文件
   7          
   8          void sys_init() {
   9   1        EAXSFR();
  10   1      
  11   1        Light_init();//初始化转向灯
  12   1        KEY_init();//初始化按钮
  13   1        Battery_init();//初始化ADC电源检测
  14   1      
  15   1        EA = 1;
  16   1      }
  17          
  18          void start() _task_ 0 {
  19   1        sys_init();
  20   1        os_create_task(1); // 创建任务1
  21   1                           // os_create_task(2);//创建任务2
  22   1      
  23   1        // 销毁自己
  24   1        os_delete_task(0);
  25   1      }
  26          
  27          void KEY_down() {
  28   1        float voltage;
  29   1        Light_on(ALL);
  30   1        Battery_get_voltage(&voltage);
  31   1        }
  32          
  33          void KEY_up() { Light_off(ALL); }
  34          
  35          void task1() _task_ 1 {
  36   1      
  37   1        while (1) {
  38   2          KEY_scan();
  39   2          os_wait2(K_TMO, 2);
  40   2        }
  41   1      }
  42          
  43            /* void task2() _task_ 2 {
  44          
  45              while (1) {
  46          
  47              }
  48            } */


MODULE INFORMATION:   STATIC OVERLAYABLE
   CODE SIZE        =     59    ----
   CONSTANT SIZE    =   ----    ----
   XDATA SIZE       =   ----    ----
C51 COMPILER V9.60.7.0   MAIN                                                              07/10/2024 15:00:40 PAGE 2   

   PDATA SIZE       =   ----    ----
   DATA SIZE        =   ----       4
   IDATA SIZE       =   ----    ----
   BIT SIZE         =   ----    ----
END OF MODULE INFORMATION.


C51 COMPILATION COMPLETE.  0 WARNING(S),  0 ERROR(S)
