C51 COMPILER V9.60.7.0   EXTI_ISR                                                          06/30/2024 11:45:50 PAGE 1   


C51 COMPILER V9.60.7.0, COMPILATION OF MODULE EXTI_ISR
OBJECT MODULE PLACED IN .\Objects\Exti_Isr.obj
COMPILER INVOKED BY: D:\AppData\Keil_v5\C51\BIN\C51.EXE Exti_Isr.c OPTIMIZE(8,SPEED) BROWSE DEBUG OBJECTEXTEND PRINT(.\L
                    -istings\Exti_Isr.lst) TABS(2) OBJECT(.\Objects\Exti_Isr.obj)

line level    source

   1          /*---------------------------------------------------------------------*/
   2          /* --- STC MCU Limited ------------------------------------------------*/
   3          /* --- STC 1T Series MCU Demo Programme -------------------------------*/
   4          /* --- Mobile: (86)13922805190 ----------------------------------------*/
   5          /* --- Fax: 86-0513-55012956,55012947,55012969 ------------------------*/
   6          /* --- Tel: 86-0513-55012928,55012929,55012966 ------------------------*/
   7          /* --- Web: www.STCAI.com ---------------------------------------------*/
   8          /* --- BBS: www.STCAIMCU.com  -----------------------------------------*/
   9          /* --- QQ:  800003751 -------------------------------------------------*/
  10          /* 如果要在程序中使用此代码,请在程序中注明使用了STC的资料及程序            */
  11          /*---------------------------------------------------------------------*/
  12          
  13          #include  "Exti.h"
  14          extern void ext_int0_call();
  15          
  16          //========================================================================
  17          //                               本地变量声明
  18          //========================================================================
  19          
  20          u8 WakeUpSource;
  21          
  22          //========================================================================
  23          // 函数: INT0_ISR_Handler
  24          // 描述: INT0中断函数.
  25          // 参数: none.
  26          // 返回: none.
  27          // 版本: V1.0, 2020-09-23
  28          //========================================================================
  29          void INT0_ISR_Handler (void) interrupt INT0_VECTOR    //进中断时已经清除标志
  30          {
  31   1        // TODO: 在此处添加用户代码
  32   1      //  P00 = ~P00;
  33   1        WakeUpSource = 1;
  34   1          //调用main函数定义的中断处理函数
  35   1          ext_int0_call();
  36   1      }
  37          
  38          //========================================================================
  39          // 函数: INT1_ISR_Handler
  40          // 描述: INT1中断函数.
  41          // 参数: none.
  42          // 返回: none.
  43          // 版本: V1.0, 2020-09-23
  44          //========================================================================
  45          void INT1_ISR_Handler (void) interrupt INT1_VECTOR    //进中断时已经清除标志
  46          {
  47   1        // TODO: 在此处添加用户代码
  48   1      //  P01 = ~P01;
  49   1        WakeUpSource = 2;
  50   1      }
  51          
  52          //========================================================================
  53          // 函数: INT2_ISR_Handler
  54          // 描述: INT2中断函数.
C51 COMPILER V9.60.7.0   EXTI_ISR                                                          06/30/2024 11:45:50 PAGE 2   

  55          // 参数: none.
  56          // 返回: none.
  57          // 版本: V1.0, 2020-09-23
  58          //========================================================================
  59          void INT2_ISR_Handler (void) interrupt INT2_VECTOR    //进中断时已经清除标志
  60          {
  61   1        // TODO: 在此处添加用户代码
  62   1      //  P02 = ~P02;
  63   1        WakeUpSource = 3;
  64   1      }
  65          
  66          //========================================================================
  67          // 函数: INT3_ISR_Handler
  68          // 描述: INT3中断函数.
  69          // 参数: none.
  70          // 返回: none.
  71          // 版本: V1.0, 2020-09-23
  72          //========================================================================
  73          void INT3_ISR_Handler (void) interrupt INT3_VECTOR    //进中断时已经清除标志
  74          {
  75   1        // TODO: 在此处添加用户代码
  76   1      //  P03 = ~P03;
  77   1        WakeUpSource = 4;
  78   1      }
  79          
  80          //========================================================================
  81          // 函数: INT4_ISR_Handler
  82          // 描述: INT4中断函数.
  83          // 参数: none.
  84          // 返回: none.
  85          // 版本: V1.0, 2020-09-23
  86          //========================================================================
  87          void INT4_ISR_Handler (void) interrupt INT4_VECTOR    //进中断时已经清除标志
  88          {
  89   1        // TODO: 在此处添加用户代码
  90   1      //  P04 = ~P04;
  91   1        WakeUpSource = 5;
  92   1      }


MODULE INFORMATION:   STATIC OVERLAYABLE
   CODE SIZE        =     78    ----
   CONSTANT SIZE    =   ----    ----
   XDATA SIZE       =   ----    ----
   PDATA SIZE       =   ----    ----
   DATA SIZE        =      1    ----
   IDATA SIZE       =   ----    ----
   BIT SIZE         =   ----    ----
END OF MODULE INFORMATION.


C51 COMPILATION COMPLETE.  0 WARNING(S),  0 ERROR(S)
