C51 COMPILER V9.60.7.0   BUZZER                                                            06/29/2024 11:14:22 PAGE 1   


C51 COMPILER V9.60.7.0, COMPILATION OF MODULE BUZZER
OBJECT MODULE PLACED IN .\Objects\Buzzer.obj
COMPILER INVOKED BY: D:\AppData\Keil_v5\C51\BIN\C51.EXE Buzzer.c OPTIMIZE(8,SPEED) BROWSE DEBUG OBJECTEXTEND PRINT(.\Lis
                    -tings\Buzzer.lst) TABS(2) OBJECT(.\Objects\Buzzer.obj)

line level    source

   1          #include "Buzzer.h"
   2          #include "STC8H_PWM.h"
   3          #include "Switch.h"
   4          #include "GPIO.h"
   5          #include "NVIC.h"
   6          
   7          
   8          // 初始化蜂鸣器GPIO
   9          static void gpio_config(void) {
  10   1          // 初始化蜂鸣器兼PWM引脚 - P00
  11   1          GPIO_InitTypeDef gpio_init_struct;
  12   1          gpio_init_struct.Pin = BUZZER_PIN;
  13   1          gpio_init_struct.Mode = GPIO_OUT_PP;//推挽输出
  14   1          GPIO_Inilize(BUZZER_GPIO, &gpio_init_struct);
  15   1      }
  16          
  17          // 初始化PWM5-对应P00
  18          PWMx_Duty dutyB;
  19          
  20          void PWM_config(u16 hz_value) {
  21   1          PWMx_InitDefine PWMx_InitStructure;
  22   1      
  23   1          //通过八度音阶计算PWM的周期，这个值根据传入的音阶的不同也会改变⭐
  24   1          u16 period = MAIN_Fosc / hz_value;
  25   1      
  26   1          // 配置PWM5
  27   1          PWMx_InitStructure.PWM_Mode = CCMRn_PWM_MODE1; // 模式
  28   1          PWMx_InitStructure.PWM_Duty = (u16) (period * 0.5); // PWM占空比时间,这里控制蜂鸣器，故
             -定为周期的一半即可⭐
  29   1          PWMx_InitStructure.PWM_EnoSelect = ENO5P; // 输出通道选择
  30   1          PWM_Configuration(PWM5, &PWMx_InitStructure); // 初始化PWM
  31   1      
  32   1          // 配置PWMB
  33   1          PWMx_InitStructure.PWM_Period = period - 1;    // 周期时间, 设置为根据八度音阶计算的
             -期即可⭐
  34   1          PWMx_InitStructure.PWM_DeadTime = 0;           // 死区发生器设置, 0~255
  35   1          PWMx_InitStructure.PWM_MainOutEnable = ENABLE; // 主输出使能, ENABLE,DISABLE
  36   1          PWMx_InitStructure.PWM_CEN_Enable = ENABLE; // 使能计数器, ENABLE,DISABLE
  37   1          PWM_Configuration(PWMB, &PWMx_InitStructure); // 初始化PWM通用寄存器,  PWMA,PWMB
  38   1      
  39   1          // 切换PWM通道
  40   1          PWM5_SW(PWM5_SW_P00); // PWM5_SW_P20,PWM5_SW_P17,PWM5_SW_P00,PWM5_SW_P74
  41   1      
  42   1          // 初始化PWMB的中断
  43   1          NVIC_PWM_Init(PWMB, DISABLE, Priority_0);
  44   1      }
  45          
  46          void Buzzer_init() {
  47   1          EAXSFR(); /* 扩展寄存器访问使能 */
  48   1          gpio_config();
  49   1      }
  50          
  51          void Buzzer_play(u16 hz_val) {
  52   1          //不断传入八度音阶，修改PWM的周期，从而使用蜂鸣器输出不同音节的声音
C51 COMPILER V9.60.7.0   BUZZER                                                            06/29/2024 11:14:22 PAGE 2   

  53   1          PWM_config(hz_val);
  54   1      }
  55          
  56          //依照传入的音播放声音-对Buzzer_play的进一步封装
  57          /*八度音阶数组*/
  58          //       C`    D`     E`   F`   G`  A`    B` C``
  59          u16 hz[] = {1047, 1175, 1319, 1397, 1568, 1760, 1976, 2093};
  60          
  61          void Buzzer_beep(u8 idx) {
  62   1          //为了更符合人的习惯，用户传入音阶是从1开始，所以这里对传入值进行减一
             -操作
  63   1          u16 hz_val = hz[idx - 1];
  64   1          //调用Buzzer_play播放声音
  65   1          Buzzer_play(hz_val);
  66   1      }
  67          
  68          /*停止蜂鸣器-失能主输出和计数器*/
  69          void Buzzer_stop() {
  70   1          PWMx_InitDefine PWMx_InitStructure;
  71   1          PWMx_InitStructure.PWM_MainOutEnable = DISABLE; // 主输出失能
  72   1          PWMx_InitStructure.PWM_CEN_Enable = DISABLE; // 计数器失能
  73   1          PWM_Configuration(PWMB, &PWMx_InitStructure); // 修改PWM通用寄存器参数
  74   1      }
  75          


MODULE INFORMATION:   STATIC OVERLAYABLE
   CODE SIZE        =    165    ----
   CONSTANT SIZE    =   ----    ----
   XDATA SIZE       =   ----    ----
   PDATA SIZE       =   ----    ----
   DATA SIZE        =     32      22
   IDATA SIZE       =   ----    ----
   BIT SIZE         =   ----    ----
END OF MODULE INFORMATION.


C51 COMPILATION COMPLETE.  0 WARNING(S),  0 ERROR(S)
