C51 COMPILER V9.60.7.0   MAIN                                                              06/26/2024 14:43:32 PAGE 1   


C51 COMPILER V9.60.7.0, COMPILATION OF MODULE MAIN
OBJECT MODULE PLACED IN .\Objects\main.obj
COMPILER INVOKED BY: D:\AppData\Keil_v5\C51\BIN\C51.EXE main.c OPTIMIZE(8,SPEED) BROWSE DEBUG OBJECTEXTEND PRINT(.\Listi
                    -ngs\main.lst) TABS(2) OBJECT(.\Objects\main.obj)

line level    source

   1          #include "Config.h"
   2          #include "GPIO.h"
   3          #include "UART.h"
   4          #include "NVIC.h"
   5          #include "Switch.h"
   6          #include <stdio.h>
   7          
   8          #define KEY1 P51
   9          #define LED P04
  10          
  11          void gpio_config(void) {
  12   1        // 初始化独立按键的相关引脚
  13   1        P5_MODE_IO_PU(GPIO_Pin_1 | GPIO_Pin_2 | GPIO_Pin_3 | GPIO_Pin_4 | GPIO_Pin_5);//准双向
  14   1        // 初始化测试用LED引脚
  15   1        P0_MODE_OUT_PP(GPIO_Pin_4);//推挽输出
  16   1      }
  17          
  18          void UART_config(void) {
  19   1        // >>> 记得添加 NVIC.c, UART.c, UART_Isr.c <<<
  20   1          COMx_InitDefine   COMx_InitStructure;         //结构定义
  21   1          COMx_InitStructure.UART_Mode      = UART_8bit_BRTx; //模式, UART_ShiftRight,UART_8bit_BRTx,UART_9bit
             -,UART_9bit_BRTx
  22   1          COMx_InitStructure.UART_BRT_Use   = BRT_Timer1;     //选择波特率发生器, BRT_Timer1, BRT_Timer2 (
             -注意: 串口2固定使用BRT_Timer2)
  23   1          COMx_InitStructure.UART_BaudRate  = 115200ul;     //波特率, 一般 110 ~ 115200
  24   1          COMx_InitStructure.UART_RxEnable  = ENABLE;       //接收允许,   ENABLE或DISABLE
  25   1          COMx_InitStructure.BaudRateDouble = DISABLE;      //波特率加倍, ENABLE或DISABLE
  26   1          UART_Configuration(UART1, &COMx_InitStructure);   //初始化串口1 UART1,UART2,UART3,UART4
  27   1      
  28   1          NVIC_UART1_Init(ENABLE,Priority_1);   //中断使能, ENABLE/DISABLE; 优先级(低到高) Priority_0,Pr
             -iority_1,Priority_2,Priority_3
  29   1          UART1_SW(UART1_SW_P30_P31);   // 引脚选择, UART1_SW_P30_P31,UART1_SW_P36_P37,UART1_SW_P16_P17,UART1
             -_SW_P43_P44
  30   1      }
  31          
  32          u8 key_old_state = 0;//记录按键的状态
  33          
  34          int main() {
  35   1          gpio_config();
  36   1          UART_config();
  37   1          EA = 1;
  38   1        
  39   1      
  40   1          while (1) {
  41   2              //按键按下
  42   2              if (KEY1 == 1 && key_old_state == 1 )
  43   2              {   
  44   3                  printf("key uplift\r\n");
  45   3                  key_old_state = 0;
  46   3              //按键抬起
  47   3              }   else if (KEY1 == 0 && key_old_state == 0) {
  48   3                  printf("key down\r\n");
  49   3                  key_old_state = 1;
  50   3                  LED = !LED;//取反LED，改变它的状态
C51 COMPILER V9.60.7.0   MAIN                                                              06/26/2024 14:43:32 PAGE 2   

  51   3              }
  52   2          }
  53   1      
  54   1      }


MODULE INFORMATION:   STATIC OVERLAYABLE
   CODE SIZE        =    111    ----
   CONSTANT SIZE    =     24    ----
   XDATA SIZE       =   ----    ----
   PDATA SIZE       =   ----    ----
   DATA SIZE        =      1       9
   IDATA SIZE       =   ----    ----
   BIT SIZE         =   ----    ----
END OF MODULE INFORMATION.


C51 COMPILATION COMPLETE.  0 WARNING(S),  0 ERROR(S)
