C51 COMPILER V9.60.7.0   BATTERY                                                           07/11/2024 09:15:19 PAGE 1   


C51 COMPILER V9.60.7.0, COMPILATION OF MODULE BATTERY
OBJECT MODULE PLACED IN .\Objects\battery.obj
COMPILER INVOKED BY: D:\AppData\Keil_v5\C51\BIN\C51.EXE Drive\battery.c OPTIMIZE(8,SPEED) BROWSE INCDIR(.\Lib) DEBUG OBJ
                    -ECTEXTEND PRINT(.\Listings\battery.lst) TABS(2) OBJECT(.\Objects\battery.obj)

line level    source

   1          #include "battery.h"
   2          #include "../Lib/ADC.h"
   3          #include "../Lib/GPIO.h"
   4          #include "../Lib/NVIC.h"
   5          
   6          #define ADC_GPIO_PIN GPIO_Pin_1
   7          #define ADC_GPIO GPIO_P0
   8          
   9          /******************* GPIO初始化函数 *******************/
  10          static void GPIO_config(void) {
  11   1        GPIO_InitTypeDef gpio_init_struct;
  12   1        gpio_init_struct.Mode = GPIO_HighZ;
  13   1        gpio_init_struct.Pin = ADC_GPIO_PIN;
  14   1        GPIO_Inilize(ADC_GPIO, &gpio_init_struct);
  15   1      }
  16          
  17          /******************* AD配置函数 *******************/
  18          void ADC_config(void) {
  19   1        ADC_InitTypeDef ADC_InitStructure; // 结构定义
  20   1      
  21   1        ADC_InitStructure.ADC_SMPduty = 31; // ADC 模拟信号采样时间控制, 0~31（注意：
  22   1                                            // SMPDUTY 一定不能设置小于 10）
  23   1        ADC_InitStructure.ADC_CsSetup = 0; // ADC 通道选择时间控制 0(默认),1
  24   1        ADC_InitStructure.ADC_CsHold = 1; // ADC 通道选择保持时间控制 0,1(默认),2,3
  25   1        ADC_InitStructure.ADC_Speed =
  26   1            ADC_SPEED_2X1T; // 设置 ADC 工作时钟频率  ADC_SPEED_2X1T~ADC_SPEED_2X16T
  27   1        ADC_InitStructure.ADC_AdjResult =
  28   1            ADC_RIGHT_JUSTIFIED;         // ADC结果调整,
  29   1                                         // ADC_LEFT_JUSTIFIED,ADC_RIGHT_JUSTIFIED
  30   1        ADC_Inilize(&ADC_InitStructure); // 初始化
  31   1        ADC_PowerControl(ENABLE);        // ADC电源开关, ENABLE或DISABLE
  32   1        NVIC_ADC_Init(DISABLE,
  33   1                      Priority_0); // 中断使能, ENABLE/DISABLE; 优先级(低到高)
  34   1                                   // Priority_0,Priority_1,Priority_2,Priority_3
  35   1      }
  36          
  37          void Battery_init() {
  38   1        GPIO_config();
  39   1        ADC_config();
  40   1      }
  41          
  42          void Battery_get_voltage(float *voltage) {
  43   1        float value;
  44   1        // 获取ADC转换结果
  45   1        u16 result = Get_ADCResult(
  46   1            ADC_CH9); // 通道是根据实际使用的端口而定的，这里P05对应的是CH13
  47   1        // 根据公式计算被转换通道输入电压值
  48   1        value = 2.5 * result / 4096;
  49   1        // 实际应用电路串联了3个相同电阻，串联分压，乘个3就可以得到要测量端实际
             -输入电压了
  50   1        value *= 3.0f;
  51   1        //加上电池流经二极管的分压(需要实际测量其具体分压值再加上)
  52   1        value += 0.8;
  53   1        *voltage = value;
C51 COMPILER V9.60.7.0   BATTERY                                                           07/11/2024 09:15:19 PAGE 2   

  54   1      }


MODULE INFORMATION:   STATIC OVERLAYABLE
   CODE SIZE        =    149    ----
   CONSTANT SIZE    =   ----    ----
   XDATA SIZE       =   ----    ----
   PDATA SIZE       =   ----    ----
   DATA SIZE        =   ----      14
   IDATA SIZE       =   ----    ----
   BIT SIZE         =   ----    ----
END OF MODULE INFORMATION.


C51 COMPILATION COMPLETE.  0 WARNING(S),  0 ERROR(S)
