C51 COMPILER V9.60.7.0   MAIN                                                              07/07/2024 14:07:34 PAGE 1   


C51 COMPILER V9.60.7.0, COMPILATION OF MODULE MAIN
OBJECT MODULE PLACED IN .\Objects\main.obj
COMPILER INVOKED BY: D:\AppData\Keil_v5\C51\BIN\C51.EXE main.c OPTIMIZE(8,SPEED) BROWSE DEBUG OBJECTEXTEND PRINT(.\Listi
                    -ngs\main.lst) TABS(2) OBJECT(.\Objects\main.obj)

line level    source

   1          #include "STC8H.h"
   2          #include "RTX51TNY.H"//RTX51的系统头文件
   3          
   4          //延时1000毫秒
   5          void Delay1000ms(void)  //@11.0592MHz
   6          {
   7   1        unsigned char data i, j, k;
   8   1      
   9   1        i = 57;
  10   1        j = 27;
  11   1        k = 112;
  12   1        do
  13   1        {
  14   2          do
  15   2          {
  16   3            while (--k);
  17   3          } while (--j);
  18   2        } while (--i);
  19   1      }
  20          
  21          
  22          void start() _task_ 0{
  23   1        //不依赖GPIO头文件初始化P5管脚
  24   1        P5M1 = 0;
  25   1        P5M0 = 1;
  26   1        
  27   1        while(1){
  28   2          P53 = !P53;
  29   2          Delay1000ms();
  30   2        }
  31   1        
  32   1      }


MODULE INFORMATION:   STATIC OVERLAYABLE
   CODE SIZE        =     26    ----
   CONSTANT SIZE    =   ----    ----
   XDATA SIZE       =   ----    ----
   PDATA SIZE       =   ----    ----
   DATA SIZE        =   ----    ----
   IDATA SIZE       =   ----    ----
   BIT SIZE         =   ----    ----
END OF MODULE INFORMATION.


C51 COMPILATION COMPLETE.  0 WARNING(S),  0 ERROR(S)
