C51 COMPILER V9.60.7.0   MAIN                                                              07/04/2024 16:56:55 PAGE 1   


C51 COMPILER V9.60.7.0, COMPILATION OF MODULE MAIN
OBJECT MODULE PLACED IN .\Objects\main.obj
COMPILER INVOKED BY: D:\AppData\Keil_v5\C51\BIN\C51.EXE main.c LARGE OPTIMIZE(8,SPEED) BROWSE DEBUG OBJECTEXTEND PRINT(.
                    -\Listings\main.lst) TABS(2) OBJECT(.\Objects\main.obj)

line level    source

   1          #include "Config.h"
   2          #include "GPIO.h"
   3          #include "Delay.h"
   4          
   5          #include "UART.h"
   6          #include "NVIC.h"
   7          #include "Switch.h"
   8          #include "PCF8563.h"
   9          #include "oled.h"
  10          
  11          /*初始化OLED引脚*/
  12          void GPIO_config(void) {
  13   1          GPIO_InitTypeDef GPIO_InitStructure;        //结构定义
  14   1          GPIO_InitStructure.Pin = GPIO_Pin_2 | GPIO_Pin_3;        //指定要初始化的IO,
  15   1          GPIO_InitStructure.Mode = GPIO_OUT_OD;    //指定IO的输入或输出方式,GPIO_PullUp,GPIO_HighZ,GP
             -IO_OUT_OD,GPIO_OUT_PP
  16   1          GPIO_Inilize(GPIO_P3, &GPIO_InitStructure);//初始化
  17   1      }
  18          
  19          void UART_config(void) {
  20   1          // >>> 记得添加 NVIC.c, UART.c, UART_Isr.c <<<
  21   1          COMx_InitDefine COMx_InitStructure;                    //结构定义
  22   1          COMx_InitStructure.UART_Mode = UART_8bit_BRTx;    //模式, UART_ShiftRight,UART_8bit_BRTx,UART_9bit,U
             -ART_9bit_BRTx
  23   1          COMx_InitStructure.UART_BRT_Use = BRT_Timer1;            //选择波特率发生器, BRT_Timer1, BRT_T
             -imer2 (注意: 串口2固定使用BRT_Timer2)
  24   1          COMx_InitStructure.UART_BaudRate = 115200ul;            //波特率, 一般 110 ~ 115200
  25   1          COMx_InitStructure.UART_RxEnable = ENABLE;                //接收允许,   ENABLE或DISABLE
  26   1          COMx_InitStructure.BaudRateDouble = DISABLE;            //波特率加倍, ENABLE或DISABLE
  27   1          UART_Configuration(UART1, &COMx_InitStructure);        //初始化串口1 UART1,UART2,UART3,UART4
  28   1      
  29   1          NVIC_UART1_Init(ENABLE,
  30   1                          Priority_1);        //中断使能, ENABLE/DISABLE; 优先级(低到高) Priority_0,Pr
             -iority_1,Priority_2,Priority_3
  31   1          UART1_SW(UART1_SW_P30_P31);        // 引脚选择, UART1_SW_P30_P31,UART1_SW_P36_P37,UART1_SW_P16_P17
             -,UART1_SW_P43_P44
  32   1      }
  33          
  34          
  35          int main(void) {
  36   1          char DateString[50];
  37   1          char TimeString[50];
  38   1          char TestStr[8];
  39   1          u8 cnt = 0;
  40   1      
  41   1          Clock_t c;
  42   1          GPIO_config();
  43   1          UART_config();
  44   1          PCF8563_init();
  45   1          
  46   1          EA = 1;
  47   1      
  48   1          OLED_Init();//初始化OLED
  49   1          OLED_ColorTurn(0);//0正常显示，1 反色显示
C51 COMPILER V9.60.7.0   MAIN                                                              07/04/2024 16:56:55 PAGE 2   

  50   1          OLED_DisplayTurn(0);//0正常显示 1 屏幕翻转显示
  51   1      
  52   1          // 设置时间-----------------------------------------------------------------
  53   1          // 准备数据:秒,分,时,星期,日,月,年,世纪
  54   1          c.year = 2024, c.month = 7, c.day = 2, c.week = 2;
  55   1          c.hour = 18, c.minute = 12, c.second = 01;
  56   1          // 设置时钟
  57   1          PCF8563_set(c);
  58   1      
  59   1          while (1) {
  60   2              // 读取时钟
  61   2              PCF8563_get(&c);
  62   2              printf("%d:%d:%d ", (int) c.hour, (int) c.minute, (int) c.second);
  63   2              //OLED显示日期和时间
  64   2              //格式化出日期 2024-7-2 09:35:22
  65   2              sprintf(DateString, "%d-%02d-%02d", (int)c.year, (int) c.month, (int) c.day);
  66   2              OLED_ShowString(0, 0, DateString, 16);
  67   2              sprintf(TimeString, "%02d:%02d:%02d", (int)c.hour, (int)c.minute, (int)c.second);
  68   2              OLED_ShowString(0,2,TimeString,16);
  69   2              cnt++;
  70   2              sprintf(TestStr,"Data:%d",(int)cnt);
  71   2              OLED_ShowString(0,4,TestStr,16);
  72   2      
  73   2              delay_ms(250);
  74   2              delay_ms(250);
  75   2              delay_ms(250);
  76   2              delay_ms(250);
  77   2              //清屏操作
  78   2              OLED_Clear();
  79   2          }
  80   1      }


MODULE INFORMATION:   STATIC OVERLAYABLE
   CODE SIZE        =    466    ----
   CONSTANT SIZE    =     46    ----
   XDATA SIZE       =   ----     128
   PDATA SIZE       =   ----    ----
   DATA SIZE        =   ----    ----
   IDATA SIZE       =   ----    ----
   BIT SIZE         =   ----    ----
END OF MODULE INFORMATION.


C51 COMPILATION COMPLETE.  0 WARNING(S),  0 ERROR(S)
