C51 COMPILER V9.60.7.0   TRACK                                                             07/11/2024 10:59:57 PAGE 1   


C51 COMPILER V9.60.7.0, COMPILATION OF MODULE TRACK
OBJECT MODULE PLACED IN .\Objects\Track.obj
COMPILER INVOKED BY: D:\AppData\Keil_v5\C51\BIN\C51.EXE Drive\Track.c OPTIMIZE(8,SPEED) BROWSE INCDIR(.\Lib) DEBUG OBJEC
                    -TEXTEND PRINT(.\Listings\Track.lst) TABS(2) OBJECT(.\Objects\Track.obj)

line level    source

   1          #include "Track.h"
   2          #include "../Lib/GPIO.h"
   3          
   4          void Track_init() {
   5   1        // 初始化GPIO
   6   1        P4_MODE_IO_PU(GPIO_Pin_7);
   7   1        P0_MODE_IO_PU(GPIO_Pin_6);
   8   1        P3_MODE_IO_PU(GPIO_Pin_2 | GPIO_Pin_3);
   9   1        P5_MODE_IO_PU(GPIO_Pin_0);
  10   1      }
  11          
  12          void Track_get_state(u8 states[]) {
  13   1        // 获取各个管脚的状态然后填入数组
  14   1        states[0] = TRACK_0;
  15   1        states[1] = TRACK_1;
  16   1        states[2] = TRACK_2;
  17   1        states[3] = TRACK_3;
  18   1        states[4] = TRACK_4;
  19   1      }
  20          
  21          /*
  22           * 电平状态分析:
  23           * - 1:高电平，不亮，压到线
  24           * - 0:低电平，亮，没压到线
  25           * 坐标建立: 4个光电传感器，对应位置光电传感器检测到就偏移指定的角度，以
             -现转弯
  26           * -64 -32 0 32 64
  27           */
  28          int Track_get_position() {
  29   1        int sum = 0, count = 0, pos = 0;
  30   1      
  31   1        static int last_pos = 0;
  32   1      
  33   1        // 逐个判断各个光电传感器的电平值，以确定要转弯的角度
  34   1        if (TRACK_0 == 1) {
  35   2          sum += 64;
  36   2          count++;
  37   2        }
  38   1      
  39   1        if (TRACK_1 == 1) {
  40   2          sum += 32;
  41   2          count++;
  42   2        }
  43   1      
  44   1        if (TRACK_2 == 1) {
  45   2          sum += 0;
  46   2          count++;
  47   2        }
  48   1      
  49   1        if (TRACK_3 == 1) {
  50   2          sum += -32;
  51   2          count++;
  52   2        }
  53   1      
C51 COMPILER V9.60.7.0   TRACK                                                             07/11/2024 10:59:57 PAGE 2   

  54   1        if (TRACK_4 == 1) {
  55   2          sum += 64;
  56   2          count++;
  57   2        }
  58   1      
  59   1        // 状态丢失，保持上一次的偏移角度
  60   1        if (count == 0) {
  61   2          return last_pos;
  62   2        }
  63   1      
  64   1        // 求转弯角度的均值
  65   1        pos = sum / count;
  66   1      
  67   1        // 把当前最新的值记录下来,用于下一次没压到线的时候,返回
  68   1        last_pos = pos;
  69   1      
  70   1        return pos;
  71   1      }


MODULE INFORMATION:   STATIC OVERLAYABLE
   CODE SIZE        =    166    ----
   CONSTANT SIZE    =   ----    ----
   XDATA SIZE       =   ----    ----
   PDATA SIZE       =   ----    ----
   DATA SIZE        =      2    ----
   IDATA SIZE       =   ----    ----
   BIT SIZE         =   ----    ----
END OF MODULE INFORMATION.


C51 COMPILATION COMPLETE.  0 WARNING(S),  0 ERROR(S)
