C51 COMPILER V9.60.7.0   MAIN                                                              07/04/2024 22:06:02 PAGE 1   


C51 COMPILER V9.60.7.0, COMPILATION OF MODULE MAIN
OBJECT MODULE PLACED IN .\Objects\main.obj
COMPILER INVOKED BY: D:\AppData\Keil_v5\C51\BIN\C51.EXE main.c OPTIMIZE(8,SPEED) BROWSE DEBUG OBJECTEXTEND PRINT(.\Listi
                    -ngs\main.lst) TABS(2) OBJECT(.\Objects\main.obj)

line level    source

   1          #include "Config.h"
   2          #include "GPIO.h"
   3          #include "UART.h"
   4          #include "Delay.h"
   5          #include "Switch.h"
   6          #include "NVIC.h"
   7          
   8          #define Row1 P34
   9          #define Row2 P35
  10          #define Row3 P40
  11          #define Row4 P41
  12          #define COL1 P03
  13          #define COL2 P06
  14          #define COL3 P07
  15          #define COL4 P17
  16          
  17          
  18          //å°†çŸ©é˜µé”®ç›˜çš„ç›¸å…³å¼•è„šå…¨éƒ¨åˆå§‹åŒ–ä¸ºå‡†åŒå‘
  19          void GPIO_config() {
  20   1          P0_MODE_IO_PU(GPIO_Pin_3 | GPIO_Pin_6 | GPIO_Pin_7);
  21   1          P1_MODE_IO_PU(GPIO_Pin_7);
  22   1          P3_MODE_IO_PU(GPIO_Pin_4 | GPIO_Pin_5);
  23   1          P4_MODE_IO_PU(GPIO_Pin_0 | GPIO_Pin_1);
  24   1      }
  25          
  26          void UART_config(void) {
  27   1          // >>> è®°å¾—æ·»åŠ  NVIC.c, UART.c, UART_Isr.c <<<
  28   1          COMx_InitDefine COMx_InitStructure;                    //ç»“æž„å®šä¹‰
  29   1          COMx_InitStructure.UART_Mode = UART_8bit_BRTx;    //æ¨¡å¼, UART_ShiftRight,UART_8bit_BRTx,UART_9bit,U
             -ART_9bit_BRTx
  30   1          COMx_InitStructure.UART_BRT_Use = BRT_Timer1;            //é€‰æ‹©æ³¢ç‰¹çŽ‡å‘ç”Ÿå™¨, BRT_Timer1, BRT_T
             -imer2 (æ³¨æ„: ä¸²å£2å›ºå®šä½¿ç”¨BRT_Timer2)
  31   1          COMx_InitStructure.UART_BaudRate = 115200ul;            //æ³¢ç‰¹çŽ‡, ä¸€èˆ¬ 110 ~ 115200
  32   1          COMx_InitStructure.UART_RxEnable = ENABLE;                //æŽ¥æ”¶å…è®¸,   ENABLEæˆ–DISABLE
  33   1          COMx_InitStructure.BaudRateDouble = DISABLE;            //æ³¢ç‰¹çŽ‡åŠ å€, ENABLEæˆ–DISABLE
  34   1          UART_Configuration(UART1, &COMx_InitStructure);        //åˆå§‹åŒ–ä¸²å£1 UART1,UART2,UART3,UART4
  35   1      
  36   1          NVIC_UART1_Init(ENABLE,
  37   1                          Priority_1);        //ä¸­æ–­ä½¿èƒ½, ENABLE/DISABLE; ä¼˜å…ˆçº§(ä½Žåˆ°é«˜) Priority_0,Pr
             -iority_1,Priority_2,Priority_3
  38   1          UART1_SW(UART1_SW_P30_P31);        // å¼•è„šé€‰æ‹©, UART1_SW_P30_P31,UART1_SW_P36_P37,UART1_SW_P16_P17
             -,UART1_SW_P43_P44
  39   1      }
  40          
  41          //æŒ‰ä¸‹ä¸ºä½Žç”µå¹³ï¼ŒæŠ¬èµ·ä¸ºé«˜ç”µå¹³
  42          #define DOWN 0
  43          #define UP 1
  44          
  45          u8 last_state = UP;
  46          
  47          void key_scan() {
  48   1          //åˆå§‹åŒ–çŸ©é˜µé”®ç›˜è¡Œçš„ç”µå¹³ï¼Œè¿™é‡Œåªç›‘å¬çš„ç¬¬ä¸€è¡Œï¼Œæ‰€ä»¥åªå°†å…¶è¾“å‡ºåŒ–ä¸ºä½Žç”µå
             -¹³
  49   1          Row1 = 0;
C51 COMPILER V9.60.7.0   MAIN                                                              07/04/2024 22:06:02 PAGE 2   

  50   1          Row2 = 1;
  51   1          Row3 = 1;
  52   1          Row4 = 1;
  53   1          //æŒ‰é”®æŒ‰ä¸‹
  54   1          if (COL1 == DOWN && last_state == UP) {
  55   2              printf("Key Down\n");
  56   2              //æ›´æ–°çŠ¶æ€
  57   2              last_state = DOWN;
  58   2          } else if (COL1 == UP && last_state == DOWN) {
  59   2              printf("Key Up\n");
  60   2              last_state = UP;
  61   2          }
  62   1      }
  63          
  64          int main() {
  65   1          GPIO_config();
  66   1          UART_config();
  67   1      
  68   1          EA = 1;
  69   1          while (1) {
  70   2              key_scan();
  71   2              //æ¯25msç›‘å¬ä¸€æ¬¡æŒ‰é”®çš„å˜åŒ–
  72   2              delay_ms(25);
  73   2          }
  74   1      }


MODULE INFORMATION:   STATIC OVERLAYABLE
   CODE SIZE        =    137    ----
   CONSTANT SIZE    =     18    ----
   XDATA SIZE       =   ----    ----
   PDATA SIZE       =   ----    ----
   DATA SIZE        =      1       9
   IDATA SIZE       =   ----    ----
   BIT SIZE         =   ----    ----
END OF MODULE INFORMATION.


C51 COMPILATION COMPLETE.  0 WARNING(S),  0 ERROR(S)
